\BOOKMARK [0][-]{part.1}{\376\377\173\054\116\000\220\350\122\006\000\040}{}% 1
\BOOKMARK [1][-]{section.1.1}{\376\377\133\236\232\214\230\171\166\356\124\015\171\360\377\032}{part.1}% 2
\BOOKMARK [1][-]{section.1.2}{\376\377\133\236\232\214\123\237\164\006\377\032}{part.1}% 3
\BOOKMARK [2][-]{subsection.1.2.1}{\376\377\227\142\220\350\150\300\155\113\124\214\121\163\225\056\160\271\133\232\117\115}{section.1.2}% 4
\BOOKMARK [2][-]{subsection.1.2.2}{\376\377\227\142\220\350\177\121\150\074\123\026}{section.1.2}% 5
\BOOKMARK [2][-]{subsection.1.2.3}{\376\377\227\142\220\350\133\371\237\120}{section.1.2}% 6
\BOOKMARK [2][-]{subsection.1.2.4}{\376\377\123\330\137\142}{section.1.2}% 7
\BOOKMARK [2][-]{subsection.1.2.5}{\376\377\145\340\177\035\207\215\124\010}{section.1.2}% 8
\BOOKMARK [1][-]{section.1.3}{\376\377\133\236\232\214\166\356\166\204\377\032}{part.1}% 9
\BOOKMARK [1][-]{section.1.4}{\376\377\133\236\232\214\121\205\133\271\377\032}{part.1}% 10
\BOOKMARK [1][-]{section.1.5}{\376\377\133\236\232\214\153\145\232\244\377\032}{part.1}% 11
\BOOKMARK [2][-]{subsection.1.5.1}{\376\377\142\113\121\231\227\142\220\350\213\306\122\053}{section.1.5}% 12
\BOOKMARK [2][-]{subsection.1.5.2}{\376\377\213\325\165\050\131\047\152\041\127\213\000d\000e\000m\000o\143\142\201\070\142\200\147\057}{section.1.5}% 13
\BOOKMARK [1][-]{section.1.6}{\376\377\133\236\232\214\145\160\143\156\123\312\176\323\147\234\122\006\147\220\377\032}{part.1}% 14
\BOOKMARK [2][-]{subsection.1.6.1}{\376\377\142\113\121\231\227\142\220\350\213\306\122\053\176\323\147\234}{section.1.6}% 15
\BOOKMARK [3][-]{subsubsection.1.6.1.1}{\376\377\227\142\220\350\121\163\225\056\160\271\150\300\155\113\116\016\116\011\211\322\177\121\150\074\123\357\211\306\123\026}{subsection.1.6.1}% 16
\BOOKMARK [3][-]{subsubsection.1.6.1.2}{\376\377\143\142\201\070\176\323\147\234}{subsection.1.6.1}% 17
\BOOKMARK [2][-]{subsection.1.6.2}{\376\377\131\047\152\041\127\213\143\142\201\070}{section.1.6}% 18
\BOOKMARK [1][-]{section.1.7}{\376\377\133\236\232\214\176\323\213\272\377\032}{part.1}% 19
\BOOKMARK [1][-]{section.1.8}{\376\377\140\073\176\323\123\312\137\303\137\227\117\123\117\032\377\032}{part.1}% 20
\BOOKMARK [1][-]{section.1.9}{\376\377\133\371\147\054\133\236\232\214\217\307\172\013\123\312\145\271\154\325\166\204\145\071\217\333\136\372\213\256\377\032}{part.1}% 21
\BOOKMARK [1][-]{appendix.1.1}{\376\377\116\343\170\001\171\072\117\213}{part.1}% 22
